<?xml version="1.0" encoding="UTF-8"?>
<!-- Generated by org.testng.reporters.JUnitReportReporter -->
<testsuite skipped="0" hostname="AUTMWADEV01" name="com.nwl.runners.TestRunner" tests="1" failures="0" timestamp="2024-09-03T12:29:49 BST" time="100.116" errors="0">
  <testcase name="scenario" time="100.116" classname="com.nwl.runners.TestRunner"/>
  <system-out/>
</testsuite> <!-- com.nwl.runners.TestRunner -->
